<?xml version="1.0" encoding="UTF-8"?>
<!-- Generated by org.testng.reporters.JUnitReportReporter -->
<testsuite hostname="DESKTOP-ERBJL8J" failures="0" tests="9" name="testRunner.TestngTestRunner" time="180.085" errors="0" timestamp="2024-03-04T12:06:02 IST" skipped="0">
  <testcase classname="testRunner.TestngTestRunner" name="runScenario" time="16.726"/>
  <testcase classname="testRunner.TestngTestRunner" name="runScenario" time="25.521"/>
  <testcase classname="testRunner.TestngTestRunner" name="runScenario" time="11.258"/>
  <testcase classname="testRunner.TestngTestRunner" name="runScenario" time="10.434"/>
  <testcase classname="testRunner.TestngTestRunner" name="runScenario" time="13.586"/>
  <testcase classname="testRunner.TestngTestRunner" name="runScenario" time="31.861"/>
  <testcase classname="testRunner.TestngTestRunner" name="runScenario" time="21.015"/>
  <testcase classname="testRunner.TestngTestRunner" name="runScenario" time="30.165"/>
  <testcase classname="testRunner.TestngTestRunner" name="runScenario" time="19.519"/>
</testsuite> <!-- testRunner.TestngTestRunner -->
